app/build/outputs/logs/manifest-merger-debug-report.txt
-- Merging decision tree log ---
manifest
ADDED from src\main\AndroidManifest.xml:2:1-239:12
INJECTED from src\main\AndroidManifest.xml:2:1-239:12
INJECTED from src\main\AndroidManifest.xml:2:1-239:12
INJECTED from src\main\AndroidManifest.xml:2:1-239:12
MERGED from [com.android.support:support-v4:25.4.0] AndroidManifest.xml:17:1-31:12
MERGED from [com.android.support:support-fragment:25.4.0] AndroidManifest.xml:17:1-31:12
MERGED from [com.android.support:support-media-compat:25.4.0] AndroidManifest.xml:17:1-31:12
MERGED from [com.android.support:support-core-utils:25.4.0] AndroidManifest.xml:17:1-31:12
MERGED from [com.android.support:support-core-ui:25.4.0] AndroidManifest.xml:17:1-31:12
MERGED from [com.android.support:support-compat:25.4.0] AndroidManifest.xml:17:1-31:12
INJECTED from src\main\AndroidManifest.xml:2:1-239:12
INJECTED from src\main\AndroidManifest.xml:2:1-239:12
INJECTED from src\main\AndroidManifest.xml:2:1-239:12
	package
		ADDED from src\main\AndroidManifest.xml:3:5-51
		INJECTED from src\main\AndroidManifest.xml
		INJECTED from src\main\AndroidManifest.xml
	android:versionName
		ADDED from src\main\AndroidManifest.xml:5:5-32
		INJECTED from src\main\AndroidManifest.xml
		INJECTED from src\main\AndroidManifest.xml
	xmlns:android
		ADDED from src\main\AndroidManifest.xml:2:11-69
	android:versionCode
		ADDED from src\main\AndroidManifest.xml:4:5-28
		INJECTED from src\main\AndroidManifest.xml
		INJECTED from src\main\AndroidManifest.xml
uses-sdk
ADDED from src\main\AndroidManifest.xml:7:5-9:41
INJECTED from src\main\AndroidManifest.xml:7:5-9:41
INJECTED from src\main\AndroidManifest.xml:7:5-9:41
MERGED from [com.android.support:support-v4:25.4.0] AndroidManifest.xml:21:5-23:54
MERGED from [com.android.support:support-v4:25.4.0] AndroidManifest.xml:21:5-23:54
MERGED from [com.android.support:support-fragment:25.4.0] AndroidManifest.xml:21:5-23:60
MERGED from [com.android.support:support-fragment:25.4.0] AndroidManifest.xml:21:5-23:60
MERGED from [com.android.support:support-media-compat:25.4.0] AndroidManifest.xml:21:5-23:63
MERGED from [com.android.support:support-media-compat:25.4.0] AndroidManifest.xml:21:5-23:63
MERGED from [com.android.support:support-core-utils:25.4.0] AndroidManifest.xml:21:5-23:61
MERGED from [com.android.support:support-core-utils:25.4.0] AndroidManifest.xml:21:5-23:61
MERGED from [com.android.support:support-core-ui:25.4.0] AndroidManifest.xml:21:5-23:58
MERGED from [com.android.support:support-core-ui:25.4.0] AndroidManifest.xml:21:5-23:58
MERGED from [com.android.support:support-compat:25.4.0] AndroidManifest.xml:21:5-23:58
MERGED from [com.android.support:support-compat:25.4.0] AndroidManifest.xml:21:5-23:58
INJECTED from src\main\AndroidManifest.xml:7:5-9:41
INJECTED from src\main\AndroidManifest.xml:7:5-9:41
	tools:overrideLibrary
		ADDED from [com.android.support:support-v4:25.4.0] AndroidManifest.xml:23:9-51
	android:targetSdkVersion
		ADDED from src\main\AndroidManifest.xml:9:9-38
		INJECTED from src\main\AndroidManifest.xml
		INJECTED from src\main\AndroidManifest.xml
	android:minSdkVersion
		ADDED from src\main\AndroidManifest.xml:8:9-34
		INJECTED from src\main\AndroidManifest.xml
		INJECTED from src\main\AndroidManifest.xml
uses-permission#android.permission.FLASHLIGHT
ADDED from src\main\AndroidManifest.xml:12:5-69
	android:name
		ADDED from src\main\AndroidManifest.xml:12:22-66
uses-permission#android.permission.INTERNET
ADDED from src\main\AndroidManifest.xml:13:5-67
	android:name
		ADDED from src\main\AndroidManifest.xml:13:22-64
uses-permission#android.permission.ACCESS_NETWORK_STATE
ADDED from src\main\AndroidManifest.xml:14:5-79
	android:name
		ADDED from src\main\AndroidManifest.xml:14:22-76
uses-permission#android.permission.MOUNT_UNMOUNT_FILESYSTEMS
ADDED from src\main\AndroidManifest.xml:15:5-84
	android:name
		ADDED from src\main\AndroidManifest.xml:15:22-81
uses-permission#android.permission.ACCESS_WIFI_STATE
ADDED from src\main\AndroidManifest.xml:16:5-76
	android:name
		ADDED from src\main\AndroidManifest.xml:16:22-73
uses-permission#android.permission.CHANGE_WIFI_STATE
ADDED from src\main\AndroidManifest.xml:17:5-76
	android:name
		ADDED from src\main\AndroidManifest.xml:17:22-73
uses-permission#android.permission.WRITE_EXTERNAL_STORAGE
ADDED from src\main\AndroidManifest.xml:18:5-81
	android:name
		ADDED from src\main\AndroidManifest.xml:18:22-78
uses-permission#android.permission.READ_PHONE_STATE
ADDED from src\main\AndroidManifest.xml:19:5-75
	android:name
		ADDED from src\main\AndroidManifest.xml:19:22-72
uses-permission#android.permission.ACCESS_COARSE_LOCATION
ADDED from src\main\AndroidManifest.xml:20:5-81
	android:name
		ADDED from src\main\AndroidManifest.xml:20:22-78
uses-permission#android.permission.ACCESS_FINE_LOCATION
ADDED from src\main\AndroidManifest.xml:21:5-79
	android:name
		ADDED from src\main\AndroidManifest.xml:21:22-76
uses-permission#android.permission.CHANGE_CONFIGURATION
ADDED from src\main\AndroidManifest.xml:22:5-79
	android:name
		ADDED from src\main\AndroidManifest.xml:22:22-76
uses-permission#android.permission.WRITE_SETTINGS
ADDED from src\main\AndroidManifest.xml:23:5-73
	android:name
		ADDED from src\main\AndroidManifest.xml:23:22-70
uses-permission#android.permission.VIBRATE
ADDED from src\main\AndroidManifest.xml:24:5-66
	android:name
		ADDED from src\main\AndroidManifest.xml:24:22-63
uses-permission#android.permission.CAMERA
ADDED from src\main\AndroidManifest.xml:25:5-65
	android:name
		ADDED from src\main\AndroidManifest.xml:25:22-62
uses-permission#android.permission.CALL_PHONE
ADDED from src\main\AndroidManifest.xml:26:5-69
	android:name
		ADDED from src\main\AndroidManifest.xml:26:22-66
uses-feature#android.hardware.camera
ADDED from src\main\AndroidManifest.xml:28:5-60
	android:name
		ADDED from src\main\AndroidManifest.xml:28:19-57
uses-feature#android.hardware.camera.autofocus
ADDED from src\main\AndroidManifest.xml:29:5-70
	android:name
		ADDED from src\main\AndroidManifest.xml:29:19-67
uses-permission#android.permission.GET_TASKS
ADDED from src\main\AndroidManifest.xml:32:5-68
	android:name
		ADDED from src\main\AndroidManifest.xml:32:22-65
uses-permission#android.permission.RECORD_AUDIO
ADDED from src\main\AndroidManifest.xml:34:5-71
	android:name
		ADDED from src\main\AndroidManifest.xml:34:22-68
uses-permission#android.permission.MODIFY_AUDIO_SETTINGS
ADDED from src\main\AndroidManifest.xml:36:5-80
	android:name
		ADDED from src\main\AndroidManifest.xml:36:22-77
uses-permission#android.permission.BLUETOOTH
ADDED from src\main\AndroidManifest.xml:38:5-68
	android:name
		ADDED from src\main\AndroidManifest.xml:38:22-65
uses-permission#android.permission.BLUETOOTH_ADMIN
ADDED from src\main\AndroidManifest.xml:40:5-74
	android:name
		ADDED from src\main\AndroidManifest.xml:40:22-71
uses-permission#android.permission.READ_CONTACTS
ADDED from src\main\AndroidManifest.xml:42:5-72
	android:name
		ADDED from src\main\AndroidManifest.xml:42:22-69
uses-permission#android.permission.DISABLE_KEYGUARD
ADDED from src\main\AndroidManifest.xml:44:5-75
	android:name
		ADDED from src\main\AndroidManifest.xml:44:22-72
uses-permission#com.example.maternalandchildhospital.permission.JPUSH_MESSAGE
ADDED from src\main\AndroidManifest.xml:51:5-101
	android:name
		ADDED from src\main\AndroidManifest.xml:51:22-98
uses-permission#android.permission.RECEIVE_USER_PRESENT
ADDED from src\main\AndroidManifest.xml:52:5-79
	android:name
		ADDED from src\main\AndroidManifest.xml:52:22-76
uses-permission#android.permission.WAKE_LOCK
ADDED from src\main\AndroidManifest.xml:53:5-68
	android:name
		ADDED from src\main\AndroidManifest.xml:53:22-65
uses-permission#android.permission.READ_EXTERNAL_STORAGE
ADDED from src\main\AndroidManifest.xml:54:5-80
	android:name
		ADDED from src\main\AndroidManifest.xml:54:22-77
uses-permission#android.permission.SYSTEM_ALERT_WINDOW
ADDED from src\main\AndroidManifest.xml:55:5-78
	android:name
		ADDED from src\main\AndroidManifest.xml:55:22-75
uses-permission#android.permission.ACCESS_LOCATION_EXTRA_COMMANDS
ADDED from src\main\AndroidManifest.xml:58:5-89
	android:name
		ADDED from src\main\AndroidManifest.xml:58:22-86
uses-permission#android.permission.CHANGE_NETWORK_STATE
ADDED from src\main\AndroidManifest.xml:59:5-79
	android:name
		ADDED from src\main\AndroidManifest.xml:59:22-76
application
ADDED from src\main\AndroidManifest.xml:63:5-222:19
MERGED from [com.android.support:support-v4:25.4.0] AndroidManifest.xml:25:5-29:19
MERGED from [com.android.support:support-v4:25.4.0] AndroidManifest.xml:25:5-29:19
MERGED from [com.android.support:support-fragment:25.4.0] AndroidManifest.xml:25:5-29:19
MERGED from [com.android.support:support-fragment:25.4.0] AndroidManifest.xml:25:5-29:19
MERGED from [com.android.support:support-media-compat:25.4.0] AndroidManifest.xml:25:5-29:19
MERGED from [com.android.support:support-media-compat:25.4.0] AndroidManifest.xml:25:5-29:19
MERGED from [com.android.support:support-core-utils:25.4.0] AndroidManifest.xml:25:5-29:19
MERGED from [com.android.support:support-core-utils:25.4.0] AndroidManifest.xml:25:5-29:19
MERGED from [com.android.support:support-core-ui:25.4.0] AndroidManifest.xml:25:5-29:19
MERGED from [com.android.support:support-core-ui:25.4.0] AndroidManifest.xml:25:5-29:19
MERGED from [com.android.support:support-compat:25.4.0] AndroidManifest.xml:25:5-29:19
MERGED from [com.android.support:support-compat:25.4.0] AndroidManifest.xml:25:5-29:19
	android:label
		ADDED from src\main\AndroidManifest.xml:67:9-41
	android:icon
		ADDED from src\main\AndroidManifest.xml:66:9-38
	android:allowBackup
		ADDED from src\main\AndroidManifest.xml:65:9-35
	android:theme
		ADDED from src\main\AndroidManifest.xml:68:9-62
	android:name
		ADDED from src\main\AndroidManifest.xml:64:9-74
activity#com.example.maternalandchildhospital.activity.InitActivity
ADDED from src\main\AndroidManifest.xml:69:9-78:20
	android:screenOrientation
		ADDED from src\main\AndroidManifest.xml:72:13-49
	android:label
		ADDED from src\main\AndroidManifest.xml:71:13-45
	android:name
		ADDED from src\main\AndroidManifest.xml:70:13-86
intent-filter#action:name:android.intent.action.MAIN+category:name:android.intent.category.LAUNCHER
ADDED from src\main\AndroidManifest.xml:73:13-77:29
action#android.intent.action.MAIN
ADDED from src\main\AndroidManifest.xml:74:17-69
	android:name
		ADDED from src\main\AndroidManifest.xml:74:25-66
category#android.intent.category.LAUNCHER
ADDED from src\main\AndroidManifest.xml:76:17-77
	android:name
		ADDED from src\main\AndroidManifest.xml:76:27-74
activity#com.example.maternalandchildhospital.activity.LoginActivity
ADDED from src\main\AndroidManifest.xml:79:9-82:20
	android:screenOrientation
		ADDED from src\main\AndroidManifest.xml:81:13-49
	android:name
		ADDED from src\main\AndroidManifest.xml:80:13-87
activity#com.example.maternalandchildhospital.activity.HomeActivity
ADDED from src\main\AndroidManifest.xml:83:9-86:20
	android:screenOrientation
		ADDED from src\main\AndroidManifest.xml:85:13-49
	android:name
		ADDED from src\main\AndroidManifest.xml:84:13-86
activity#com.example.maternalandchildhospital.activity.RegisterActivity
ADDED from src\main\AndroidManifest.xml:87:9-90:20
	android:screenOrientation
		ADDED from src\main\AndroidManifest.xml:89:13-49
	android:name
		ADDED from src\main\AndroidManifest.xml:88:13-90
activity#com.example.maternalandchildhospital.activity.RegisterHintActivity
ADDED from src\main\AndroidManifest.xml:91:9-94:20
	android:screenOrientation
		ADDED from src\main\AndroidManifest.xml:93:13-49
	android:name
		ADDED from src\main\AndroidManifest.xml:92:13-94
activity#com.example.maternalandchildhospital.activity.ForgetPswActivity
ADDED from src\main\AndroidManifest.xml:95:9-98:20
	android:screenOrientation
		ADDED from src\main\AndroidManifest.xml:97:13-49
	android:name
		ADDED from src\main\AndroidManifest.xml:96:13-91
activity#com.example.maternalandchildhospital.activity.ResettingActivity
ADDED from src\main\AndroidManifest.xml:99:9-102:20
	android:screenOrientation
		ADDED from src\main\AndroidManifest.xml:101:13-49
	android:name
		ADDED from src\main\AndroidManifest.xml:100:13-91
activity#com.example.maternalandchildhospital.activity.DueDateActivity
ADDED from src\main\AndroidManifest.xml:103:9-106:20
	android:screenOrientation
		ADDED from src\main\AndroidManifest.xml:105:13-49
	android:name
		ADDED from src\main\AndroidManifest.xml:104:13-89
activity#com.example.maternalandchildhospital.activity.InputInfoActivity
ADDED from src\main\AndroidManifest.xml:107:9-110:20
	android:screenOrientation
		ADDED from src\main\AndroidManifest.xml:109:13-49
	android:name
		ADDED from src\main\AndroidManifest.xml:108:13-91
activity#com.example.maternalandchildhospital.activity.AboutActivity
ADDED from src\main\AndroidManifest.xml:111:9-114:20
	android:screenOrientation
		ADDED from src\main\AndroidManifest.xml:113:13-49
	android:name
		ADDED from src\main\AndroidManifest.xml:112:13-87
activity#com.example.maternalandchildhospital.activity.ModifyPswActivity
ADDED from src\main\AndroidManifest.xml:115:9-118:20
	android:screenOrientation
		ADDED from src\main\AndroidManifest.xml:117:13-49
	android:name
		ADDED from src\main\AndroidManifest.xml:116:13-91
activity#com.example.maternalandchildhospital.activity.AdviceActivity
ADDED from src\main\AndroidManifest.xml:119:9-122:20
	android:screenOrientation
		ADDED from src\main\AndroidManifest.xml:121:13-49
	android:name
		ADDED from src\main\AndroidManifest.xml:120:13-88
activity#com.example.maternalandchildhospital.activity.H5Activity
ADDED from src\main\AndroidManifest.xml:123:9-126:20
	android:screenOrientation
		ADDED from src\main\AndroidManifest.xml:125:13-49
	android:name
		ADDED from src\main\AndroidManifest.xml:124:13-84
activity#com.example.maternalandchildhospital.activity.MsgListActivity
ADDED from src\main\AndroidManifest.xml:127:9-130:20
	android:screenOrientation
		ADDED from src\main\AndroidManifest.xml:129:13-49
	android:name
		ADDED from src\main\AndroidManifest.xml:128:13-89
service#cn.jpush.android.service.PushService
ADDED from src\main\AndroidManifest.xml:133:9-143:19
	android:enabled
		ADDED from src\main\AndroidManifest.xml:135:13-35
	android:exported
		ADDED from src\main\AndroidManifest.xml:136:13-37
	android:name
		ADDED from src\main\AndroidManifest.xml:134:13-64
intent-filter#action:name:cn.jpush.android.intent.PUSH_TIME+action:name:cn.jpush.android.intent.PushService+action:name:cn.jpush.android.intent.REGISTER+action:name:cn.jpush.android.intent.REPORT
ADDED from src\main\AndroidManifest.xml:137:13-142:29
action#cn.jpush.android.intent.REGISTER
ADDED from src\main\AndroidManifest.xml:138:17-75
	android:name
		ADDED from src\main\AndroidManifest.xml:138:25-72
action#cn.jpush.android.intent.REPORT
ADDED from src\main\AndroidManifest.xml:139:17-73
	android:name
		ADDED from src\main\AndroidManifest.xml:139:25-70
action#cn.jpush.android.intent.PushService
ADDED from src\main\AndroidManifest.xml:140:17-78
	android:name
		ADDED from src\main\AndroidManifest.xml:140:25-75
action#cn.jpush.android.intent.PUSH_TIME
ADDED from src\main\AndroidManifest.xml:141:17-76
	android:name
		ADDED from src\main\AndroidManifest.xml:141:25-73
receiver#cn.jpush.android.service.PushReceiver
ADDED from src\main\AndroidManifest.xml:146:9-163:20
	android:enabled
		ADDED from src\main\AndroidManifest.xml:148:13-35
	android:name
		ADDED from src\main\AndroidManifest.xml:147:13-65
intent-filter#action:name:cn.jpush.android.intent.NOTIFICATION_RECEIVED_PROXY+category:name:com.example.maternalandchildhospital
ADDED from src\main\AndroidManifest.xml:149:13-152:29
	android:priority
		ADDED from src\main\AndroidManifest.xml:149:28-51
action#cn.jpush.android.intent.NOTIFICATION_RECEIVED_PROXY
ADDED from src\main\AndroidManifest.xml:150:17-94
	android:name
		ADDED from src\main\AndroidManifest.xml:150:25-91
category#com.example.maternalandchildhospital
ADDED from src\main\AndroidManifest.xml:151:17-81
	android:name
		ADDED from src\main\AndroidManifest.xml:151:27-78
intent-filter#action:name:android.intent.action.USER_PRESENT+action:name:android.net.conn.CONNECTIVITY_CHANGE
ADDED from src\main\AndroidManifest.xml:153:13-156:29
action#android.intent.action.USER_PRESENT
ADDED from src\main\AndroidManifest.xml:154:17-77
	android:name
		ADDED from src\main\AndroidManifest.xml:154:25-74
action#android.net.conn.CONNECTIVITY_CHANGE
ADDED from src\main\AndroidManifest.xml:155:17-79
	android:name
		ADDED from src\main\AndroidManifest.xml:155:25-76
intent-filter#action:name:android.intent.action.PACKAGE_ADDED+action:name:android.intent.action.PACKAGE_REMOVED+data:scheme:package
ADDED from src\main\AndroidManifest.xml:157:13-162:29
action#android.intent.action.PACKAGE_ADDED
ADDED from src\main\AndroidManifest.xml:158:17-78
	android:name
		ADDED from src\main\AndroidManifest.xml:158:25-75
action#android.intent.action.PACKAGE_REMOVED
ADDED from src\main\AndroidManifest.xml:159:17-80
	android:name
		ADDED from src\main\AndroidManifest.xml:159:25-77
data
ADDED from src\main\AndroidManifest.xml:161:17-50
	android:scheme
		ADDED from src\main\AndroidManifest.xml:161:23-47
receiver#com.example.maternalandchildhospital.service.MyReceiver
ADDED from src\main\AndroidManifest.xml:166:9-179:20
	android:enabled
		ADDED from src\main\AndroidManifest.xml:168:13-35
	android:name
		ADDED from src\main\AndroidManifest.xml:167:13-83
intent-filter#action:name:cn.jpush.android.intent.ACTION_RICHPUSH_CALLBACK+action:name:cn.jpush.android.intent.CONNECTION+action:name:cn.jpush.android.intent.MESSAGE_RECEIVED+action:name:cn.jpush.android.intent.NOTIFICATION_OPENED+action:name:cn.jpush.android.intent.NOTIFICATION_RECEIVED+action:name:cn.jpush.android.intent.REGISTRATION+action:name:cn.jpush.android.intent.UNREGISTRATION+category:name:com.example.maternalandchildhospital
ADDED from src\main\AndroidManifest.xml:169:13-178:29
action#cn.jpush.android.intent.REGISTRATION
ADDED from src\main\AndroidManifest.xml:170:17-79
	android:name
		ADDED from src\main\AndroidManifest.xml:170:25-76
action#cn.jpush.android.intent.UNREGISTRATION
ADDED from src\main\AndroidManifest.xml:171:17-81
	android:name
		ADDED from src\main\AndroidManifest.xml:171:25-78
action#cn.jpush.android.intent.MESSAGE_RECEIVED
ADDED from src\main\AndroidManifest.xml:172:17-83
	android:name
		ADDED from src\main\AndroidManifest.xml:172:25-80
action#cn.jpush.android.intent.NOTIFICATION_RECEIVED
ADDED from src\main\AndroidManifest.xml:173:17-88
	android:name
		ADDED from src\main\AndroidManifest.xml:173:25-85
action#cn.jpush.android.intent.NOTIFICATION_OPENED
ADDED from src\main\AndroidManifest.xml:174:17-86
	android:name
		ADDED from src\main\AndroidManifest.xml:174:25-83
action#cn.jpush.android.intent.ACTION_RICHPUSH_CALLBACK
ADDED from src\main\AndroidManifest.xml:175:17-91
	android:name
		ADDED from src\main\AndroidManifest.xml:175:25-88
action#cn.jpush.android.intent.CONNECTION
ADDED from src\main\AndroidManifest.xml:176:17-77
	android:name
		ADDED from src\main\AndroidManifest.xml:176:25-74
activity#cn.jpush.android.ui.PushActivity
ADDED from src\main\AndroidManifest.xml:181:9-191:20
	android:configChanges
		ADDED from src\main\AndroidManifest.xml:183:13-63
	android:theme
		ADDED from src\main\AndroidManifest.xml:184:13-72
	android:name
		ADDED from src\main\AndroidManifest.xml:182:13-60
intent-filter#action:name:cn.jpush.android.ui.PushActivity+category:name:android.intent.category.DEFAULT+category:name:com.example.maternalandchildhospital
ADDED from src\main\AndroidManifest.xml:185:13-190:29
action#cn.jpush.android.ui.PushActivity
ADDED from src\main\AndroidManifest.xml:186:17-75
	android:name
		ADDED from src\main\AndroidManifest.xml:186:25-72
category#android.intent.category.DEFAULT
ADDED from src\main\AndroidManifest.xml:188:17-76
	android:name
		ADDED from src\main\AndroidManifest.xml:188:27-73
service#cn.jpush.android.service.DownloadService
ADDED from src\main\AndroidManifest.xml:193:9-197:19
	android:enabled
		ADDED from src\main\AndroidManifest.xml:195:13-35
	android:exported
		ADDED from src\main\AndroidManifest.xml:196:13-37
	android:name
		ADDED from src\main\AndroidManifest.xml:194:13-68
receiver#cn.jpush.android.service.AlarmReceiver
ADDED from src\main\AndroidManifest.xml:199:9-75
	android:name
		ADDED from src\main\AndroidManifest.xml:199:19-72
meta-data#JPUSH_CHANNEL
ADDED from src\main\AndroidManifest.xml:207:9-209:49
	android:value
		ADDED from src\main\AndroidManifest.xml:209:13-46
	android:name
		ADDED from src\main\AndroidManifest.xml:208:13-41
meta-data#JPUSH_APPKEY
ADDED from src\main\AndroidManifest.xml:214:9-216:56
	android:value
		ADDED from src\main\AndroidManifest.xml:216:13-53
	android:name
		ADDED from src\main\AndroidManifest.xml:215:13-40
meta-data#DEBUG_LOG
ADDED from src\main\AndroidManifest.xml:219:9-221:36
	android:value
		ADDED from src\main\AndroidManifest.xml:221:13-33
	android:name
		ADDED from src\main\AndroidManifest.xml:220:13-37
permission#com.example.maternalandchildhospital.permission.JPUSH_MESSAGE
ADDED from src\main\AndroidManifest.xml:224:5-226:47
	android:protectionLevel
		ADDED from src\main\AndroidManifest.xml:226:9-44
	android:name
		ADDED from src\main\AndroidManifest.xml:225:9-85
meta-data#UMENG_APPKEY
ADDED from src\main\AndroidManifest.xml:229:5-232:17
	android:value
		ADDED from src\main\AndroidManifest.xml:231:9-49
	android:name
		ADDED from src\main\AndroidManifest.xml:230:9-36
meta-data#UMENG_CHANNEL
ADDED from src\main\AndroidManifest.xml:233:5-236:17
	android:value
		ADDED from src\main\AndroidManifest.xml:235:9-32
	android:name
		ADDED from src\main\AndroidManifest.xml:234:9-37
meta-data#android.support.VERSION
ADDED from [com.android.support:support-v4:25.4.0] AndroidManifest.xml:26:9-28:38
MERGED from [com.android.support:support-fragment:25.4.0] AndroidManifest.xml:26:9-28:38
MERGED from [com.android.support:support-fragment:25.4.0] AndroidManifest.xml:26:9-28:38
MERGED from [com.android.support:support-media-compat:25.4.0] AndroidManifest.xml:26:9-28:38
MERGED from [com.android.support:support-media-compat:25.4.0] AndroidManifest.xml:26:9-28:38
MERGED from [com.android.support:support-core-utils:25.4.0] AndroidManifest.xml:26:9-28:38
MERGED from [com.android.support:support-core-utils:25.4.0] AndroidManifest.xml:26:9-28:38
MERGED from [com.android.support:support-core-ui:25.4.0] AndroidManifest.xml:26:9-28:38
MERGED from [com.android.support:support-core-ui:25.4.0] AndroidManifest.xml:26:9-28:38
MERGED from [com.android.support:support-compat:25.4.0] AndroidManifest.xml:26:9-28:38
MERGED from [com.android.support:support-compat:25.4.0] AndroidManifest.xml:26:9-28:38
	android:value
		ADDED from [com.android.support:support-v4:25.4.0] AndroidManifest.xml:28:13-35
	android:name
		ADDED from [com.android.support:support-v4:25.4.0] AndroidManifest.xml:27:13-51